17:32:21.059 [main] INFO  testCases.TC001_AccountRegisterationTest.verify_account_registeration(TC001_AccountRegisterationTest.java:15)oggger - *****TC001_AccountRegisterationTest******
17:32:21.220 [main] INFO  testCases.TC001_AccountRegisterationTest.verify_account_registeration(TC001_AccountRegisterationTest.java:19)oggger - Clicked on MyAccount...
17:32:21.685 [main] INFO  testCases.TC001_AccountRegisterationTest.verify_account_registeration(TC001_AccountRegisterationTest.java:21)oggger - Clicked on Register...
17:32:21.688 [main] INFO  testCases.TC001_AccountRegisterationTest.verify_account_registeration(TC001_AccountRegisterationTest.java:32)oggger - Providing customer details....
17:32:23.842 [main] INFO  testCases.TC001_AccountRegisterationTest.verify_account_registeration(TC001_AccountRegisterationTest.java:46)oggger - Validating the expected message....
17:32:23.914 [main] INFO  testCases.TC001_AccountRegisterationTest.verify_account_registeration(TC001_AccountRegisterationTest.java:57)oggger - ****Finished TC001_AccountRegisterationTest******
17:38:07.706 [main] INFO  testCases.TC001_AccountRegisterationTest.verify_account_registeration(TC001_AccountRegisterationTest.java:15)oggger - *****TC001_AccountRegisterationTest******
17:38:07.835 [main] INFO  testCases.TC001_AccountRegisterationTest.verify_account_registeration(TC001_AccountRegisterationTest.java:19)oggger - Clicked on MyAccount...
17:38:08.477 [main] INFO  testCases.TC001_AccountRegisterationTest.verify_account_registeration(TC001_AccountRegisterationTest.java:21)oggger - Clicked on Register...
17:38:08.481 [main] INFO  testCases.TC001_AccountRegisterationTest.verify_account_registeration(TC001_AccountRegisterationTest.java:32)oggger - Providing customer details....
17:38:11.315 [main] INFO  testCases.TC001_AccountRegisterationTest.verify_account_registeration(TC001_AccountRegisterationTest.java:46)oggger - Validating the expected message....
17:43:16.695 [main] INFO  testCases.TC001_AccountRegisterationTest.verify_account_registeration(TC001_AccountRegisterationTest.java:14)oggger - *****TC001_AccountRegisterationTest******
17:43:16.822 [main] INFO  testCases.TC001_AccountRegisterationTest.verify_account_registeration(TC001_AccountRegisterationTest.java:18)oggger - Clicked on MyAccount...
17:43:17.789 [main] INFO  testCases.TC001_AccountRegisterationTest.verify_account_registeration(TC001_AccountRegisterationTest.java:20)oggger - Clicked on Register...
17:43:17.792 [main] INFO  testCases.TC001_AccountRegisterationTest.verify_account_registeration(TC001_AccountRegisterationTest.java:31)oggger - Providing customer details....
17:43:19.983 [main] INFO  testCases.TC001_AccountRegisterationTest.verify_account_registeration(TC001_AccountRegisterationTest.java:44)oggger - Validating the expected message....
17:43:20.033 [main] INFO  testCases.TC001_AccountRegisterationTest.verify_account_registeration(TC001_AccountRegisterationTest.java:64)oggger - ****Finished TC001_AccountRegisterationTest******
17:44:37.310 [main] INFO  testCases.TC001_AccountRegisterationTest.verify_account_registeration(TC001_AccountRegisterationTest.java:14)oggger - *****TC001_AccountRegisterationTest******
17:44:37.447 [main] INFO  testCases.TC001_AccountRegisterationTest.verify_account_registeration(TC001_AccountRegisterationTest.java:18)oggger - Clicked on MyAccount...
17:44:37.992 [main] INFO  testCases.TC001_AccountRegisterationTest.verify_account_registeration(TC001_AccountRegisterationTest.java:20)oggger - Clicked on Register...
17:44:37.995 [main] INFO  testCases.TC001_AccountRegisterationTest.verify_account_registeration(TC001_AccountRegisterationTest.java:31)oggger - Providing customer details....
17:44:40.059 [main] INFO  testCases.TC001_AccountRegisterationTest.verify_account_registeration(TC001_AccountRegisterationTest.java:44)oggger - Validating the expected message....
17:44:40.118 [main] ERROR testCases.TC001_AccountRegisterationTest.verify_account_registeration(TC001_AccountRegisterationTest.java:51)oggger - Test Failed...
17:44:40.118 [main] DEBUG testCases.TC001_AccountRegisterationTest.verify_account_registeration(TC001_AccountRegisterationTest.java:52)oggger - Debug logs....
17:48:41.933 [main] INFO  testCases.TC001_AccountRegisterationTest.verify_account_registeration(TC001_AccountRegisterationTest.java:14)oggger - *****TC001_AccountRegisterationTest******
17:48:42.044 [main] INFO  testCases.TC001_AccountRegisterationTest.verify_account_registeration(TC001_AccountRegisterationTest.java:18)oggger - Clicked on MyAccount...
17:48:42.556 [main] INFO  testCases.TC001_AccountRegisterationTest.verify_account_registeration(TC001_AccountRegisterationTest.java:20)oggger - Clicked on Register...
17:48:42.559 [main] INFO  testCases.TC001_AccountRegisterationTest.verify_account_registeration(TC001_AccountRegisterationTest.java:31)oggger - Providing customer details....
17:48:44.235 [main] INFO  testCases.TC001_AccountRegisterationTest.verify_account_registeration(TC001_AccountRegisterationTest.java:44)oggger - Validating the expected message....
17:48:44.319 [main] INFO  testCases.TC001_AccountRegisterationTest.verify_account_registeration(TC001_AccountRegisterationTest.java:64)oggger - ****Finished TC001_AccountRegisterationTest******
17:50:26.990 [main] INFO  testCases.TC001_AccountRegisterationTest.verify_account_registeration(TC001_AccountRegisterationTest.java:14)oggger - *****TC001_AccountRegisterationTest******
17:50:27.075 [main] INFO  testCases.TC001_AccountRegisterationTest.verify_account_registeration(TC001_AccountRegisterationTest.java:18)oggger - Clicked on MyAccount...
17:50:28.720 [main] INFO  testCases.TC001_AccountRegisterationTest.verify_account_registeration(TC001_AccountRegisterationTest.java:20)oggger - Clicked on Register...
17:50:28.723 [main] INFO  testCases.TC001_AccountRegisterationTest.verify_account_registeration(TC001_AccountRegisterationTest.java:31)oggger - Providing customer details....
17:50:33.008 [main] INFO  testCases.TC001_AccountRegisterationTest.verify_account_registeration(TC001_AccountRegisterationTest.java:44)oggger - Validating the expected message....
17:50:33.071 [main] INFO  testCases.TC001_AccountRegisterationTest.verify_account_registeration(TC001_AccountRegisterationTest.java:64)oggger - ****Finished TC001_AccountRegisterationTest******
22:30:29.586 [main] INFO  testCases.TC001_AccountRegisterationTest.verify_account_registeration(TC001_AccountRegisterationTest.java:14)oggger - *****TC001_AccountRegisterationTest******
22:30:29.705 [main] INFO  testCases.TC001_AccountRegisterationTest.verify_account_registeration(TC001_AccountRegisterationTest.java:18)oggger - Clicked on MyAccount...
22:30:30.960 [main] INFO  testCases.TC001_AccountRegisterationTest.verify_account_registeration(TC001_AccountRegisterationTest.java:20)oggger - Clicked on Register...
22:30:30.965 [main] INFO  testCases.TC001_AccountRegisterationTest.verify_account_registeration(TC001_AccountRegisterationTest.java:31)oggger - Providing customer details....
22:30:39.172 [main] INFO  testCases.TC001_AccountRegisterationTest.verify_account_registeration(TC001_AccountRegisterationTest.java:44)oggger - Validating the expected message....
22:30:39.211 [main] INFO  testCases.TC001_AccountRegisterationTest.verify_account_registeration(TC001_AccountRegisterationTest.java:64)oggger - ****Finished TC001_AccountRegisterationTest******
22:35:08.099 [main] INFO  testCases.TC001_AccountRegisterationTest.verify_account_registeration(TC001_AccountRegisterationTest.java:14)oggger - *****TC001_AccountRegisterationTest******
22:35:08.245 [main] INFO  testCases.TC001_AccountRegisterationTest.verify_account_registeration(TC001_AccountRegisterationTest.java:18)oggger - Clicked on MyAccount...
22:35:08.746 [main] INFO  testCases.TC001_AccountRegisterationTest.verify_account_registeration(TC001_AccountRegisterationTest.java:20)oggger - Clicked on Register...
22:35:08.768 [main] INFO  testCases.TC001_AccountRegisterationTest.verify_account_registeration(TC001_AccountRegisterationTest.java:31)oggger - Providing customer details....
22:35:11.633 [main] INFO  testCases.TC001_AccountRegisterationTest.verify_account_registeration(TC001_AccountRegisterationTest.java:44)oggger - Validating the expected message....
22:35:11.696 [main] INFO  testCases.TC001_AccountRegisterationTest.verify_account_registeration(TC001_AccountRegisterationTest.java:64)oggger - ****Finished TC001_AccountRegisterationTest******
22:35:19.799 [main] INFO  testCases.TC001_AccountRegisterationTest.verify_account_registeration(TC001_AccountRegisterationTest.java:14)oggger - *****TC001_AccountRegisterationTest******
22:35:19.914 [main] INFO  testCases.TC001_AccountRegisterationTest.verify_account_registeration(TC001_AccountRegisterationTest.java:18)oggger - Clicked on MyAccount...
22:35:20.419 [main] INFO  testCases.TC001_AccountRegisterationTest.verify_account_registeration(TC001_AccountRegisterationTest.java:20)oggger - Clicked on Register...
22:35:20.422 [main] INFO  testCases.TC001_AccountRegisterationTest.verify_account_registeration(TC001_AccountRegisterationTest.java:31)oggger - Providing customer details....
22:35:22.389 [main] INFO  testCases.TC001_AccountRegisterationTest.verify_account_registeration(TC001_AccountRegisterationTest.java:44)oggger - Validating the expected message....
22:35:22.433 [main] INFO  testCases.TC001_AccountRegisterationTest.verify_account_registeration(TC001_AccountRegisterationTest.java:64)oggger - ****Finished TC001_AccountRegisterationTest******
22:35:30.566 [main] INFO  testCases.TC001_AccountRegisterationTest.verify_account_registeration(TC001_AccountRegisterationTest.java:14)oggger - *****TC001_AccountRegisterationTest******
22:35:30.692 [main] INFO  testCases.TC001_AccountRegisterationTest.verify_account_registeration(TC001_AccountRegisterationTest.java:18)oggger - Clicked on MyAccount...
22:35:31.135 [main] INFO  testCases.TC001_AccountRegisterationTest.verify_account_registeration(TC001_AccountRegisterationTest.java:20)oggger - Clicked on Register...
22:35:31.135 [main] INFO  testCases.TC001_AccountRegisterationTest.verify_account_registeration(TC001_AccountRegisterationTest.java:31)oggger - Providing customer details....
22:35:33.110 [main] INFO  testCases.TC001_AccountRegisterationTest.verify_account_registeration(TC001_AccountRegisterationTest.java:44)oggger - Validating the expected message....
22:35:33.144 [main] INFO  testCases.TC001_AccountRegisterationTest.verify_account_registeration(TC001_AccountRegisterationTest.java:64)oggger - ****Finished TC001_AccountRegisterationTest******
22:47:14.793 [main] INFO  testCases.TC001_AccountRegisterationTest.verify_account_registeration(TC001_AccountRegisterationTest.java:14)oggger - *****TC001_AccountRegisterationTest******
22:47:14.900 [main] INFO  testCases.TC001_AccountRegisterationTest.verify_account_registeration(TC001_AccountRegisterationTest.java:18)oggger - Clicked on MyAccount...
22:47:15.902 [main] INFO  testCases.TC001_AccountRegisterationTest.verify_account_registeration(TC001_AccountRegisterationTest.java:20)oggger - Clicked on Register...
22:47:15.906 [main] INFO  testCases.TC001_AccountRegisterationTest.verify_account_registeration(TC001_AccountRegisterationTest.java:31)oggger - Providing customer details....
22:47:18.064 [main] INFO  testCases.TC001_AccountRegisterationTest.verify_account_registeration(TC001_AccountRegisterationTest.java:44)oggger - Validating the expected message....
22:47:18.124 [main] INFO  testCases.TC001_AccountRegisterationTest.verify_account_registeration(TC001_AccountRegisterationTest.java:64)oggger - ****Finished TC001_AccountRegisterationTest******
